0 verbose cli /Users/wangqi/.nvm/versions/node/v20.19.4/bin/node /Users/wangqi/.nvm/versions/node/v20.19.4/bin/npm
1 info using npm@10.8.2
2 info using node@v20.19.4
3 silly config load:file:/Users/wangqi/.nvm/versions/node/v20.19.4/lib/node_modules/npm/npmrc
4 silly config load:file:/Users/wangqi/clickclaw/.npmrc
5 silly config load:file:/Users/wangqi/.npmrc
6 silly config load:file:/Users/wangqi/.nvm/versions/node/v20.19.4/etc/npmrc
7 verbose title npm prefix
8 verbose argv "prefix" "--workspace"
9 verbose logfile logs-max:10 dir:/Users/wangqi/clickclaw/.npm/_logs/2026-04-17T09_33_38_080Z-
10 verbose logfile /Users/wangqi/clickclaw/.npm/_logs/2026-04-17T09_33_38_080Z-debug-0.log
11 silly logfile start cleaning logs, removing 1 files
12 verbose stack Error: This command does not support workspaces.
12 verbose stack     at #exec (/Users/wangqi/.nvm/versions/node/v20.19.4/lib/node_modules/npm/lib/npm.js:243:29)
12 verbose stack     at Npm.exec (/Users/wangqi/.nvm/versions/node/v20.19.4/lib/node_modules/npm/lib/npm.js:207:25)
12 verbose stack     at module.exports (/Users/wangqi/.nvm/versions/node/v20.19.4/lib/node_modules/npm/lib/cli/entry.js:65:29)
13 error code ENOWORKSPACES
14 error This command does not support workspaces.
15 verbose cwd /Users/wangqi/clickclaw
16 verbose os Darwin 25.5.0
17 verbose node v20.19.4
18 verbose npm  v10.8.2
19 verbose exit 1
20 verbose code 1
21 error A complete log of this run can be found in: /Users/wangqi/clickclaw/.npm/_logs/2026-04-17T09_33_38_080Z-debug-0.log
